\BOOKMARK [0][-]{section*.2}{\376\377\000-\0002\147\072\126\150\133\146\116\140\127\050\162\151\164\006\116\055\166\204\136\224\165\050\0001\0005\000m\000m}{}% 2
\BOOKMARK [1][-]{section*.1}{\376\377\144\130\211\201}{section*.2}% 1
\BOOKMARK [1][-]{section*.3}{\376\377\137\025\212\000}{section*.2}% 3
\BOOKMARK [2][-]{section*.4}{\376\377\147\072\126\150\133\146\116\140\173\200\116\313}{section*.3}% 4
\BOOKMARK [2][-]{section*.5}{\376\377\221\315\171\273\133\120\170\260\144\236\225\356\230\230\173\200\116\313}{section*.3}% 5
\BOOKMARK [1][-]{section*.6}{\376\377\147\072\126\150\133\146\116\140\145\271\154\325}{section*.2}% 6
\BOOKMARK [2][-]{section*.7}{\376\377\171\136\176\317\177\121\176\334}{section*.6}% 7
\BOOKMARK [2][-]{section*.14}{\376\377\116\073\142\020\122\006\122\006\147\220}{section*.6}% 8
\BOOKMARK [1][-]{section*.17}{\376\377\166\370\133\371\213\272\221\315\171\273\133\120\170\260\144\236}{section*.2}% 9
\BOOKMARK [2][-]{section*.18}{\376\377\133\232\116\111}{section*.17}% 10
\BOOKMARK [2][-]{section*.19}{\376\377\116\214\174\222\133\120\121\163\200\124\121\375\145\160\154\325}{section*.17}% 11
\BOOKMARK [2][-]{section*.21}{\376\377\166\370\133\371\213\272\140\047\221\315\171\273\133\120\170\260\144\236\166\204\136\372\152\041}{section*.17}% 12
\BOOKMARK [3][-]{section*.22}{\376\377\220\020\116\213\116\366\176\246\123\026\123\232\136\246\150\070\142\323\142\121\152\041\127\213\377\010\000T\000R\000E\000N\000T\000O\377\011}{section*.21}% 13
\BOOKMARK [1][-]{section*.23}{\376\377\170\024\172\166\213\376\230\230}{section*.2}% 14
\BOOKMARK [2][-]{section*.24}{\376\377\122\051\165\050\147\072\126\150\133\146\116\140\222\164\122\053\155\101\116\016\227\136\155\101}{section*.23}% 15
\BOOKMARK [3][-]{section*.25}{\376\377\217\223\121\145\145\160\143\156\116\345\123\312\145\160\143\156\230\204\131\004\164\006}{section*.24}% 16
\BOOKMARK [3][-]{section*.27}{\376\377\155\101\116\016\227\136\155\101\116\213\116\366\166\204\116\073\142\020\122\006\122\006\147\220}{section*.24}% 17
\BOOKMARK [3][-]{section*.33}{\376\377\155\101\116\016\227\136\155\101\116\213\116\366\166\204\171\136\176\317\177\121\176\334\122\006\174\173\122\006\174\173}{section*.24}% 18
\BOOKMARK [1][-]{section*.37}{\376\377\176\323\213\272}{section*.2}% 19
\BOOKMARK [1][-]{section*.38}{\376\377\201\364\214\042}{section*.2}% 20
\BOOKMARK [1][-]{section*.39}{\376\377\000-\0004\117\134\200\005\173\200\116\313}{section*.2}% 21
\BOOKMARK [1][-]{section*.40}{\376\377\000-\0004\141\037\140\237\116\016\133\304\213\355}{section*.2}% 22
\BOOKMARK [1][-]{section*.41}{\376\377\000-\0004\143\007\133\374\200\001\136\010\173\200\116\313}{section*.2}% 23
